生成启动时间为 2015/4/12 20:31:10。
     1>项目“E:\iflytek\K-means\K-means\K-means.vcxproj”在节点 2 上(rebuild 个目标)。
     1>_PrepareForClean:
         正在删除文件“Debug\K-means.lastbuildstate”。
       InitializeBuildStatus:
         正在创建“Debug\K-means.unsuccessfulbuild”，因为已指定“AlwaysCreate”。
       ClCompile:
         C:\Program Files\Microsoft Visual Studio 10.0\VC\bin\CL.exe /c /ZI /nologo /W3 /WX- /Od /Oy- /D _MBCS /Gm /EHsc /RTC1 /MDd /GS /fp:precise /Zc:wchar_t /Zc:forScope /Fo"Debug\\" /Fd"Debug\vc100.pdb" /Gd /TP /analyze- /errorReport:prompt "k-means.cpp" main.cpp
         main.cpp
         k-means.cpp
         正在生成代码...
       Link:
         C:\Program Files\Microsoft Visual Studio 10.0\VC\bin\link.exe /ERRORREPORT:PROMPT /OUT:"E:\iflytek\K-means\Debug\K-means.exe" /NOLOGO kernel32.lib user32.lib gdi32.lib winspool.lib comdlg32.lib advapi32.lib shell32.lib ole32.lib oleaut32.lib uuid.lib odbc32.lib odbccp32.lib /MANIFEST /ManifestFile:"Debug\K-means.exe.intermediate.manifest" /MANIFESTUAC:"level='asInvoker' uiAccess='false'" /DEBUG /PDB:"E:\iflytek\K-means\Debug\K-means.pdb" /TLBID:1 /DYNAMICBASE /NXCOMPAT /IMPLIB:"E:\iflytek\K-means\Debug\K-means.lib" /MACHINE:X86 "Debug\k-means.obj"
         Debug\main.obj
         K-means.vcxproj -> E:\iflytek\K-means\Debug\K-means.exe
       Manifest:
         C:\Program Files\Microsoft SDKs\Windows\v7.0A\bin\mt.exe /nologo /verbose /outputresource:"E:\iflytek\K-means\Debug\K-means.exe;#1" /manifest "Debug\K-means.exe.intermediate.manifest"
       FinalizeBuildStatus:
         正在删除文件“Debug\K-means.unsuccessfulbuild”。
         正在对“Debug\K-means.lastbuildstate”执行 Touch 任务。
     1>已完成生成项目“E:\iflytek\K-means\K-means\K-means.vcxproj”(rebuild 个目标)的操作。

生成成功。

已用时间 00:00:02.48
